03/11/2024 08:49:57 AM: INFO: ****Test_001_login_page****
03/11/2024 08:49:57 AM: INFO: ****Verify home page title****
03/11/2024 08:50:02 AM: ERROR: ***Login test is failed**
03/11/2024 08:50:06 AM: INFO: ****test_login****
03/11/2024 08:52:53 AM: INFO: ****Test_001_login_page****
03/11/2024 08:52:53 AM: INFO: ****Verify home page title****
03/11/2024 08:53:17 AM: INFO: **Home page title verified**
03/11/2024 08:53:21 AM: INFO: ****test_login****
03/11/2024 09:48:59 AM: INFO: ****test_login****
03/11/2024 09:49:00 AM: INFO: ****Test_001_login_page****
03/11/2024 09:49:02 AM: INFO: ****Verify home page title****
03/11/2024 09:49:26 AM: INFO: **Home page title verified**
03/11/2024 10:25:32 AM: INFO: ****Test_001_login_page****
03/11/2024 10:25:32 AM: INFO: ****Verify home page title****
03/11/2024 10:25:32 AM: INFO: ****test_login****
03/11/2024 10:25:41 AM: ERROR: ***Login test is failed**
03/11/2024 10:26:51 AM: INFO: ****Test_001_login_page****
03/11/2024 10:26:51 AM: INFO: ****Verify home page title****
03/11/2024 10:26:51 AM: INFO: ****test_login****
03/11/2024 10:27:38 AM: INFO: ****Test_001_login_page****
03/11/2024 10:27:38 AM: INFO: ****Verify home page title****
03/11/2024 10:27:43 AM: ERROR: ***Login test is failed**
03/11/2024 10:27:47 AM: INFO: ****test_login****
03/11/2024 10:28:25 AM: INFO: ****Test_001_login_page****
03/11/2024 10:28:25 AM: INFO: ****Verify home page title****
03/11/2024 10:28:40 AM: INFO: **Home page title verified**
03/11/2024 10:28:44 AM: INFO: ****test_login****
03/11/2024 10:35:29 AM: INFO: ****Test_001_login_page****
03/11/2024 10:35:29 AM: INFO: ****Verify home page title****
03/11/2024 10:35:55 AM: INFO: **Home page title verified**
03/11/2024 10:35:59 AM: INFO: ****test_login****
03/11/2024 08:41:24 PM: INFO: ****Verify home page title****
03/11/2024 08:41:36 PM: INFO: **Home page title verified**
03/11/2024 08:41:40 PM: INFO: ****Test_002_DDT_Login****
03/11/2024 08:42:01 PM: INFO: ***Failed***
03/11/2024 08:42:01 PM: INFO: *****Login DDT test failed....*****
03/11/2024 08:46:57 PM: INFO: ****Verify home page title****
03/11/2024 08:47:10 PM: INFO: **Home page title verified**
03/11/2024 08:47:14 PM: INFO: ****Test_002_DDT_Login****
03/11/2024 08:47:33 PM: INFO: ***Failed***
03/11/2024 08:47:33 PM: INFO: *****Login DDT test failed....*****
03/12/2024 09:17:04 AM: INFO: ****test_login****
03/12/2024 09:17:39 AM: INFO: ****test_login****
03/12/2024 09:18:11 AM: INFO: ****test_login****
03/12/2024 09:20:48 AM: INFO: ****test_login****
03/12/2024 09:22:09 AM: INFO: ****test_login****
03/12/2024 09:25:16 AM: INFO: ****test_login****
03/12/2024 09:32:56 AM: INFO: ****test_login****
03/12/2024 09:33:52 AM: INFO: ****test_login****
03/12/2024 09:35:33 AM: INFO: ****test_login****
03/12/2024 09:36:22 AM: INFO: ****test_login****
03/12/2024 09:36:57 AM: INFO: ****test_login****
03/12/2024 09:41:05 AM: INFO: ****test_login****
03/12/2024 09:41:39 AM: INFO: ****test_login****
03/12/2024 10:02:22 AM: INFO: ****Verify home page title****
03/12/2024 10:02:34 AM: INFO: **Home page title verified**
03/12/2024 10:02:38 AM: INFO: ****Test_002_DDT_Login****
03/12/2024 10:02:59 AM: INFO: ***Failed***
03/12/2024 10:02:59 AM: INFO: *****Login DDT test failed....*****
03/12/2024 10:08:16 AM: INFO: ****Verify home page title****
03/12/2024 10:08:28 AM: INFO: **Home page title verified**
03/12/2024 10:08:33 AM: INFO: ****Test_002_DDT_Login****
03/12/2024 10:08:52 AM: INFO: ***Passed***
03/12/2024 10:09:04 AM: INFO: Login DDT test passed....
03/12/2024 10:09:38 AM: INFO: ****Verify home page title****
03/12/2024 10:09:49 AM: INFO: **Home page title verified**
03/12/2024 10:09:53 AM: INFO: ****Test_002_DDT_Login****
03/12/2024 10:10:15 AM: INFO: ***Passed***
03/12/2024 10:10:27 AM: INFO: Login DDT test passed....
03/12/2024 10:12:36 AM: INFO: ****Verify home page title****
03/12/2024 10:12:48 AM: INFO: **Home page title verified**
03/12/2024 10:12:52 AM: INFO: ****Test_002_DDT_Login****
03/12/2024 10:13:32 AM: INFO: ****Verify home page title****
03/12/2024 10:13:44 AM: INFO: **Home page title verified**
03/12/2024 10:13:48 AM: INFO: ****Test_002_DDT_Login****
03/12/2024 10:14:15 AM: INFO: ****Verify home page title****
03/12/2024 10:14:27 AM: INFO: **Home page title verified**
03/12/2024 10:14:31 AM: INFO: ****Test_002_DDT_Login****
03/12/2024 10:14:52 AM: INFO: ***Passed***
03/12/2024 10:15:04 AM: INFO: Login DDT test passed....
03/12/2024 11:23:29 AM: INFO: ****Test_002_DDT_Login****
03/12/2024 11:23:49 AM: INFO: ***Passed***
03/12/2024 11:24:01 AM: INFO: Login DDT test passed....
03/12/2024 11:37:25 AM: INFO: ****Test_002_DDT_Login****
03/12/2024 11:37:48 AM: INFO: ***Passed***
03/12/2024 11:38:00 AM: INFO: Login DDT test passed....
03/12/2024 11:38:55 AM: INFO: ****Test_002_DDT_Login****
03/12/2024 11:39:16 AM: INFO: ***Passed***
03/12/2024 11:39:29 AM: INFO: Login DDT test passed....
03/12/2024 11:43:16 AM: INFO: ****Test_002_DDT_Login****
03/12/2024 11:43:36 AM: INFO: ***Passed***
03/12/2024 11:52:04 AM: INFO: ****Test_002_DDT_Login****
03/12/2024 11:52:35 AM: INFO: ***Passed***
03/12/2024 11:52:35 AM: INFO: Login DDT test passed....
03/12/2024 11:52:36 AM: INFO: **End of login DDT Test***
03/12/2024 11:52:36 AM: INFO: **Completed TC_LoginDDT_002***
03/12/2024 11:58:52 AM: INFO: ****Test_002_DDT_Login****
03/12/2024 11:59:25 AM: INFO: ***Passed***
03/12/2024 11:59:25 AM: INFO: Login DDT test passed....
03/12/2024 12:04:33 PM: INFO: ****Test_002_DDT_Login****
03/12/2024 12:05:06 PM: INFO: ***Passed***
03/12/2024 12:05:06 PM: INFO: Login DDT test passed....
03/12/2024 12:05:30 PM: INFO: ****Test_002_DDT_Login****
03/12/2024 12:06:02 PM: INFO: ***Passed***
03/12/2024 12:06:02 PM: INFO: Login DDT test passed....
03/12/2024 12:09:12 PM: INFO: ****Test_002_DDT_Login****
03/12/2024 12:09:40 PM: INFO: ****Test_002_DDT_Login****
03/12/2024 12:12:41 PM: INFO: ****Test_002_DDT_Login****
03/12/2024 12:13:13 PM: INFO: ***Passed***
03/12/2024 12:13:13 PM: INFO: Login DDT test passed....
03/12/2024 12:20:17 PM: INFO: ****Test_002_DDT_Login****
03/12/2024 12:20:50 PM: INFO: ***Passed***
03/12/2024 12:23:48 PM: INFO: ****Test_002_DDT_Login****
03/12/2024 12:24:22 PM: INFO: ***Passed***
03/12/2024 12:28:06 PM: INFO: ****Test_002_DDT_Login****
03/12/2024 12:28:40 PM: INFO: ***Passed***
03/12/2024 12:28:40 PM: INFO: Login DDT test passed....
03/12/2024 12:29:36 PM: INFO: ****Test_002_DDT_Login****
03/12/2024 12:30:12 PM: INFO: ***Passed***
03/12/2024 12:32:21 PM: INFO: ****Test_002_DDT_Login****
03/12/2024 12:32:44 PM: INFO: ****Test_002_DDT_Login****
03/12/2024 12:33:13 PM: INFO: ****Test_002_DDT_Login****
03/12/2024 12:33:45 PM: INFO: ***Passed***
03/12/2024 12:33:58 PM: INFO: ****Test_002_DDT_Login****
03/12/2024 12:34:55 PM: INFO: ***Passed***
03/12/2024 12:56:18 PM: INFO: ****Test_002_DDT_Login****
03/12/2024 12:56:53 PM: INFO: ***Passed***
03/12/2024 12:58:09 PM: INFO: ****Test_002_DDT_Login****
03/12/2024 12:58:43 PM: INFO: ***Passed***
03/12/2024 02:57:21 PM: INFO: ****Test_002_DDT_Login****
03/12/2024 02:57:32 PM: INFO: ***Failed***
03/12/2024 02:57:43 PM: INFO: ***Passed***
03/12/2024 02:57:43 PM: INFO: *****Login DDT test failed....*****
03/12/2024 02:57:57 PM: INFO: ****Test_002_DDT_Login****
03/12/2024 02:58:08 PM: INFO: ***Failed***
03/12/2024 02:58:18 PM: INFO: ***Passed***
03/12/2024 02:58:18 PM: INFO: *****Login DDT test failed....*****
03/12/2024 02:59:06 PM: INFO: ****Test_002_DDT_Login****
03/12/2024 02:59:22 PM: INFO: ***Failed***
03/12/2024 02:59:28 PM: INFO: ***Passed***
03/12/2024 02:59:28 PM: INFO: *****Login DDT test failed....*****
03/12/2024 03:00:31 PM: INFO: ****Test_002_DDT_Login****
03/12/2024 03:01:08 PM: INFO: ****Test_002_DDT_Login****
03/12/2024 03:01:34 PM: INFO: ****Test_002_DDT_Login****
03/12/2024 03:03:35 PM: INFO: ****Test_002_DDT_Login****
03/12/2024 07:04:17 PM: INFO: ****Test_002_DDT_Login****
03/12/2024 08:16:59 PM: INFO: ****Test_002_DDT_Login****
03/12/2024 08:17:34 PM: INFO: ****Test_002_DDT_Login****
03/12/2024 08:18:24 PM: INFO: ****Test_002_DDT_Login****
03/12/2024 08:22:39 PM: INFO: ****Test_002_DDT_Login****
03/12/2024 08:23:04 PM: INFO: ***Passed***
03/12/2024 08:23:59 PM: INFO: ****Test_002_DDT_Login****
03/12/2024 08:24:29 PM: INFO: ***Passed***
03/12/2024 08:32:19 PM: INFO: ****Test_002_DDT_Login****
03/12/2024 08:32:46 PM: INFO: ***Passed***
03/12/2024 08:32:59 PM: INFO: ****Test_002_DDT_Login****
03/12/2024 08:33:52 PM: INFO: ***Passed***
03/12/2024 08:37:59 PM: INFO: ****Test_002_DDT_Login****
03/12/2024 08:38:26 PM: INFO: ***Passed***
03/12/2024 08:40:03 PM: INFO: ****Test_002_DDT_Login****
03/12/2024 08:40:34 PM: INFO: ***Passed***
03/12/2024 08:47:32 PM: INFO: ****Test_002_DDT_Login****
03/12/2024 08:48:16 PM: INFO: ***Passed***
03/12/2024 08:50:23 PM: INFO: ****Test_002_DDT_Login****
03/12/2024 08:50:49 PM: INFO: ***Passed***
03/12/2024 08:51:20 PM: INFO: ****Test_002_DDT_Login****
03/12/2024 08:52:11 PM: INFO: ***Passed***
03/13/2024 10:12:19 AM: INFO: ****Test_002_DDT_Login****
03/13/2024 10:12:34 AM: INFO: ***Failed***
03/13/2024 10:12:34 AM: INFO: ***Passed***
03/13/2024 10:12:34 AM: INFO: *****Login DDT test failed....*****
03/13/2024 10:16:50 AM: INFO: ****Test_002_DDT_Login****
03/13/2024 10:17:02 AM: INFO: ***Failed***
03/13/2024 10:17:02 AM: INFO: *****Login DDT test failed....*****
03/13/2024 10:30:50 AM: INFO: ****Test_002_DDT_Login****
03/13/2024 10:31:03 AM: INFO: Login DDT test passed....
03/13/2024 10:31:05 AM: INFO: **End of login DDT Test***
03/13/2024 10:31:05 AM: INFO: **Completed TC_LoginDDT_002***
03/13/2024 11:36:28 AM: INFO: ****Test_002_DDT_Login****
03/13/2024 11:36:46 AM: INFO: Login DDT test passed....
03/13/2024 11:36:48 AM: INFO: **End of login DDT Test***
03/13/2024 11:36:48 AM: INFO: **Completed TC_LoginDDT_002***
03/13/2024 11:38:51 AM: INFO: ****Test_002_DDT_Login****
03/13/2024 11:39:06 AM: INFO: Login DDT test passed....
03/13/2024 11:39:07 AM: INFO: **End of login DDT Test***
03/13/2024 11:39:07 AM: INFO: **Completed TC_LoginDDT_002***
03/13/2024 11:40:38 AM: INFO: ****Test_002_DDT_Login****
03/13/2024 11:40:56 AM: INFO: ***Passed***
03/13/2024 11:48:27 AM: INFO: ****Test_002_DDT_Login****
03/13/2024 11:48:44 AM: INFO: ***Passed***
03/13/2024 11:52:23 AM: INFO: ****Test_002_DDT_Login****
03/13/2024 11:52:41 AM: INFO: ***Passed***
03/13/2024 12:02:54 PM: INFO: ****Test_002_DDT_Login****
03/13/2024 12:03:13 PM: INFO: ***Passed***
03/13/2024 12:04:55 PM: INFO: ****Test_002_DDT_Login****
03/13/2024 12:05:12 PM: INFO: ***Passed***
03/13/2024 12:06:11 PM: INFO: ****Test_002_DDT_Login****
03/13/2024 12:06:29 PM: INFO: ***Passed***
03/13/2024 06:47:37 PM: INFO: ****TestDDT****
03/13/2024 07:29:50 PM: INFO: ****TestDDT****
03/13/2024 07:30:08 PM: INFO: ***Passed***
03/13/2024 07:36:11 PM: INFO: ******* Starting TestDDT **********
03/13/2024 07:36:11 PM: INFO: ******* Starting Login DDT Test **********
03/13/2024 07:36:26 PM: INFO: ***Passed***
03/13/2024 08:46:21 PM: INFO: ******* Starting TestDDT **********
03/13/2024 08:46:21 PM: INFO: ******* Starting Login DDT Test **********
03/13/2024 08:46:59 PM: INFO: ******* Starting TestDDT **********
03/13/2024 08:46:59 PM: INFO: ******* Starting Login DDT Test **********
03/13/2024 08:47:27 PM: INFO: ***Passed***
03/13/2024 08:48:00 PM: INFO: ******* Starting TestDDT **********
03/13/2024 08:48:00 PM: INFO: ******* Starting Login DDT Test **********
03/13/2024 08:48:32 PM: INFO: ***Passed***
03/13/2024 08:49:09 PM: INFO: ******* Starting TestDDT **********
03/13/2024 08:49:09 PM: INFO: ******* Starting Login DDT Test **********
03/13/2024 08:49:40 PM: INFO: ***Passed***
03/13/2024 08:49:59 PM: INFO: ******* Starting TestDDT **********
03/13/2024 08:49:59 PM: INFO: ******* Starting Login DDT Test **********
03/13/2024 08:50:57 PM: INFO: ***Passed***
03/13/2024 08:51:58 PM: INFO: ******* Starting TestDDT **********
03/13/2024 08:51:58 PM: INFO: ******* Starting Login DDT Test **********
03/13/2024 08:53:03 PM: INFO: ***Passed***
03/13/2024 08:57:09 PM: INFO: ******* Starting TestDDT **********
03/13/2024 08:57:09 PM: INFO: ******* Starting Login DDT Test **********
03/13/2024 08:58:04 PM: INFO: ***Passed***
03/13/2024 09:23:22 PM: INFO: ******* Starting TestDDT **********
03/13/2024 09:23:22 PM: INFO: ******* Starting Login DDT Test **********
03/13/2024 09:23:54 PM: INFO: ***Passed***
03/13/2024 09:32:19 PM: INFO: ******* Starting TestDDT **********
03/13/2024 09:32:19 PM: INFO: ******* Starting Login DDT Test **********
03/13/2024 09:33:15 PM: INFO: ***Passed***
03/13/2024 10:12:53 PM: INFO: ******* Starting TestDDT **********
03/13/2024 10:12:53 PM: INFO: ******* Starting Login DDT Test **********
03/13/2024 10:13:26 PM: INFO: ***Passed***
03/13/2024 10:13:59 PM: INFO: ******* Starting TestDDT **********
03/13/2024 10:13:59 PM: INFO: ******* Starting Login DDT Test **********
03/13/2024 10:14:35 PM: INFO: ***Passed***
03/13/2024 10:15:05 PM: INFO: ******* Starting TestDDT **********
03/13/2024 10:15:05 PM: INFO: ******* Starting Login DDT Test **********
03/13/2024 10:15:44 PM: INFO: ***Passed***
03/13/2024 10:17:53 PM: INFO: ******* Starting TestDDT **********
03/13/2024 10:17:53 PM: INFO: ******* Starting Login DDT Test **********
03/13/2024 10:18:27 PM: INFO: ***Passed***
03/13/2024 10:19:14 PM: INFO: ******* Starting TestDDT **********
03/13/2024 10:19:14 PM: INFO: ******* Starting Login DDT Test **********
03/13/2024 10:19:49 PM: INFO: ***Passed***
03/14/2024 07:24:27 AM: INFO: ******* Starting TestDDT **********
03/14/2024 07:24:27 AM: INFO: ******* Starting Login DDT Test **********
03/14/2024 07:25:21 AM: INFO: ***Passed***
03/14/2024 08:13:01 AM: INFO: ******* Starting TestDDT **********
03/14/2024 08:13:01 AM: INFO: ******* Starting Login DDT Test **********
03/14/2024 08:13:35 AM: INFO: ***Passed***
03/14/2024 08:19:43 AM: INFO: ******* Starting TestDDT **********
03/14/2024 08:19:43 AM: INFO: ******* Starting Login DDT Test **********
03/14/2024 08:20:42 AM: INFO: ***Passed***
03/14/2024 08:20:42 AM: INFO: Login DDT test passed....
03/14/2024 08:20:42 AM: INFO: **End of login DDT Test***
03/14/2024 08:20:42 AM: INFO: **Completed TC_LoginDDT_002***
03/14/2024 08:22:32 AM: INFO: ******* Starting TestDDT **********
03/14/2024 08:22:32 AM: INFO: ******* Starting Login DDT Test **********
03/14/2024 08:23:25 AM: INFO: ***Passed***
03/14/2024 08:23:25 AM: INFO: Login DDT test passed....
03/14/2024 08:23:25 AM: INFO: **End of login DDT Test***
03/14/2024 08:23:25 AM: INFO: **Completed TC_LoginDDT_002***
03/14/2024 08:28:36 AM: INFO: ******* Starting TestDDT **********
03/14/2024 08:28:36 AM: INFO: ******* Starting Login DDT Test **********
03/14/2024 08:29:09 AM: INFO: ***Passed***
03/14/2024 08:42:51 AM: INFO: ******* Starting TestDDT **********
03/14/2024 08:42:51 AM: INFO: ******* Starting Login DDT Test **********
03/14/2024 08:43:19 AM: INFO: ***Passed***
03/14/2024 08:46:45 AM: INFO: ******* Starting TestDDT **********
03/14/2024 08:46:45 AM: INFO: ******* Starting Login DDT Test **********
03/14/2024 08:47:38 AM: INFO: ***Passed***
03/14/2024 08:49:35 AM: INFO: ******* Starting TestDDT **********
03/14/2024 08:49:35 AM: INFO: ******* Starting Login DDT Test **********
03/14/2024 08:50:08 AM: INFO: ***Passed***
03/14/2024 08:50:25 AM: INFO: ***Passed***
03/14/2024 08:50:55 AM: INFO: ******* Starting TestDDT **********
03/14/2024 08:50:55 AM: INFO: ******* Starting Login DDT Test **********
03/14/2024 08:51:26 AM: INFO: ***Passed***
03/14/2024 08:51:44 AM: INFO: ***Passed***
03/14/2024 08:54:40 AM: INFO: ******* Starting TestDDT **********
03/14/2024 08:54:40 AM: INFO: ******* Starting Login DDT Test **********
03/14/2024 08:55:09 AM: INFO: ***Passed***
03/14/2024 08:55:26 AM: INFO: ***Passed***
03/14/2024 08:57:34 AM: INFO: ******* Starting TestDDT **********
03/14/2024 08:57:34 AM: INFO: ******* Starting Login DDT Test **********
03/14/2024 08:58:05 AM: INFO: ***Passed***
03/14/2024 08:58:23 AM: INFO: ***Passed***
03/14/2024 08:59:22 AM: INFO: ******* Starting TestDDT **********
03/14/2024 08:59:22 AM: INFO: ******* Starting Login DDT Test **********
03/14/2024 09:00:22 AM: INFO: ***Passed***
03/14/2024 09:00:39 AM: INFO: ***Passed***
03/14/2024 09:00:45 AM: INFO: ***Failed***
03/14/2024 09:01:02 AM: INFO: ***Passed***
03/14/2024 09:01:05 AM: INFO: *****Login DDT test failed....*****
03/14/2024 09:04:47 AM: INFO: ******* Starting TestDDT **********
03/14/2024 09:04:47 AM: INFO: ******* Starting Login DDT Test **********
03/14/2024 09:05:20 AM: INFO: ***Passed***
03/14/2024 09:05:38 AM: INFO: ***Passed***
03/14/2024 09:05:44 AM: INFO: ***Failed***
03/14/2024 09:06:01 AM: INFO: ***Passed***
03/14/2024 09:06:01 AM: INFO: *****Login DDT test failed....*****
03/14/2024 10:20:50 AM: INFO: ******* Starting Login DDT Test **********
03/14/2024 10:21:24 AM: INFO: ***Passed***
03/14/2024 10:21:41 AM: INFO: ***Passed***
03/14/2024 10:21:47 AM: INFO: ***Failed***
03/14/2024 10:22:04 AM: INFO: ***Passed***
03/14/2024 10:22:04 AM: INFO: *****Login DDT test failed....*****
03/14/2024 10:22:44 AM: INFO: ******* Starting Login DDT Test **********
03/14/2024 10:23:16 AM: INFO: ***Passed***
03/14/2024 10:23:33 AM: INFO: ***Passed***
03/14/2024 10:23:39 AM: INFO: ***Failed***
03/14/2024 10:23:57 AM: INFO: ***Passed***
03/14/2024 10:23:57 AM: INFO: *****Login DDT test failed....*****
03/14/2024 10:44:05 AM: INFO: ******* Starting Login DDT Test **********
03/14/2024 10:44:05 AM: INFO: Number of Rows... 5
03/14/2024 10:44:36 AM: INFO: ***Passed***
03/14/2024 10:44:54 AM: INFO: ***Passed***
03/14/2024 10:45:00 AM: INFO: ***Failed***
03/14/2024 10:45:18 AM: INFO: ***Passed***
03/14/2024 10:45:20 AM: INFO: *****Login DDT test failed....*****
03/14/2024 10:47:58 AM: INFO: ******* Starting Login DDT Test **********
03/14/2024 10:47:58 AM: INFO: Number of Rows... 5
03/14/2024 11:08:27 AM: INFO: ******* Starting Login DDT Test **********
03/14/2024 11:08:27 AM: INFO: Number of Rows... 5
03/14/2024 11:08:58 AM: INFO: ***Passed***
03/14/2024 11:09:16 AM: INFO: ***Passed***
03/14/2024 11:09:48 AM: INFO: ***Failed***
03/14/2024 11:10:05 AM: INFO: ***Passed***
03/14/2024 11:10:08 AM: INFO: *****Login DDT test failed....*****
03/14/2024 11:21:45 AM: INFO: ******* Starting Login DDT Test **********
03/14/2024 11:21:45 AM: INFO: Number of Rows... 5
03/14/2024 11:22:19 AM: INFO: ***Passed***
03/14/2024 11:22:36 AM: INFO: ***Passed***
03/14/2024 11:22:43 AM: INFO: ***Failed***
03/14/2024 11:23:00 AM: INFO: ***Passed***
03/14/2024 11:50:23 AM: INFO: ******* Starting Login DDT Test **********
03/14/2024 11:50:23 AM: INFO: Number of Rows... 5
03/14/2024 11:50:55 AM: INFO: ***Passed***
03/14/2024 11:51:13 AM: INFO: ***Passed***
03/14/2024 11:51:19 AM: INFO: ***Failed***
03/14/2024 11:51:36 AM: INFO: ***Passed***
03/14/2024 11:51:38 AM: INFO: *****Login DDT test failed....*****
03/14/2024 11:53:32 AM: INFO: ******* Starting Login DDT Test **********
03/14/2024 11:53:32 AM: INFO: Number of Rows... 5
03/14/2024 11:54:04 AM: INFO: ***Passed***
03/14/2024 11:54:21 AM: INFO: ***Passed***
03/14/2024 11:54:27 AM: INFO: ***Failed***
03/14/2024 11:54:44 AM: INFO: ***Passed***
03/14/2024 11:54:44 AM: INFO: No more iterations. Ending the test.
03/14/2024 11:54:47 AM: INFO: *****Login DDT test failed....*****
03/14/2024 11:56:31 AM: INFO: ******* Starting Login DDT Test **********
03/14/2024 11:56:31 AM: INFO: Number of Rows... 5
03/14/2024 11:57:24 AM: INFO: ***Passed***
03/14/2024 11:57:41 AM: INFO: ***Passed***
03/14/2024 11:57:47 AM: INFO: ***Failed***
03/14/2024 11:58:04 AM: INFO: ***Passed***
03/14/2024 11:58:04 AM: INFO: No more iterations. Ending the test.
03/14/2024 11:58:06 AM: INFO: *****Login DDT test failed....*****
03/14/2024 11:59:34 AM: INFO: ******* Starting Login DDT Test **********
03/14/2024 11:59:34 AM: INFO: Number of Rows... 5
03/14/2024 12:00:07 PM: INFO: ***Passed***
03/14/2024 12:00:24 PM: INFO: ***Passed***
03/14/2024 12:00:29 PM: INFO: ***Failed***
03/14/2024 12:00:47 PM: INFO: ***Passed***
03/14/2024 12:00:47 PM: INFO: No more iterations. Ending the test.
03/14/2024 12:00:49 PM: INFO: *****Login DDT test failed....*****
03/14/2024 12:03:08 PM: INFO: ******* Starting Login DDT Test **********
03/14/2024 12:03:08 PM: INFO: Number of Rows... 5
03/14/2024 12:04:06 PM: INFO: ***Passed***
03/14/2024 12:04:23 PM: INFO: ***Passed***
03/14/2024 12:04:29 PM: INFO: ***Failed***
03/14/2024 12:04:46 PM: INFO: ***Passed***
03/14/2024 12:04:46 PM: INFO: No more iterations. Ending the test.
03/14/2024 12:04:49 PM: INFO: *****Login DDT test failed....*****
03/14/2024 12:43:47 PM: INFO: ******* Starting Login DDT Test **********
03/14/2024 12:43:47 PM: INFO: Number of Rows... 5
03/14/2024 12:44:18 PM: INFO: ***Passed***
03/14/2024 12:44:35 PM: INFO: ***Passed***
03/14/2024 12:45:08 PM: INFO: ***Failed***
03/14/2024 12:45:25 PM: INFO: ***Passed***
03/14/2024 12:45:25 PM: INFO: No more iterations. Ending the test.
03/14/2024 12:45:28 PM: INFO: *****Login DDT test failed....*****
03/14/2024 12:53:01 PM: INFO: ******* Starting Login DDT Test **********
03/14/2024 12:53:01 PM: INFO: Number of Rows... 5
03/14/2024 12:53:30 PM: INFO: ***Passed***
03/14/2024 12:53:48 PM: INFO: ***Passed***
03/14/2024 12:53:53 PM: INFO: ***Failed***
03/14/2024 12:54:11 PM: INFO: ***Passed***
03/14/2024 12:54:13 PM: INFO: Unexpected failure occurred. Login DDT test failed....
03/14/2024 12:54:51 PM: INFO: ******* Starting Login DDT Test **********
03/14/2024 12:54:51 PM: INFO: Number of Rows... 5
03/14/2024 12:55:24 PM: INFO: ***Passed***
03/14/2024 12:55:42 PM: INFO: ***Passed***
03/14/2024 12:55:47 PM: INFO: ***Failed***
03/14/2024 12:56:04 PM: INFO: ***Passed***
03/14/2024 12:56:07 PM: INFO: Unexpected failure occurred. Login DDT test failed....
03/14/2024 12:59:34 PM: INFO: ******* Starting Login DDT Test **********
03/14/2024 12:59:34 PM: INFO: Number of Rows... 5
03/14/2024 01:00:04 PM: INFO: ***Passed***
03/14/2024 01:00:04 PM: INFO: Unexpected failure occurred. Login DDT test failed....
03/14/2024 01:01:36 PM: INFO: ******* Starting Login DDT Test **********
03/14/2024 01:01:36 PM: INFO: Number of Rows... 5
03/14/2024 01:02:31 PM: INFO: ***Passed***
03/14/2024 01:02:48 PM: INFO: ***Passed***
03/14/2024 01:02:54 PM: INFO: ***Failed***
03/14/2024 01:03:12 PM: INFO: ***Passed***
03/14/2024 01:03:12 PM: INFO: No more iterations. Ending the test.
03/14/2024 01:03:14 PM: INFO: *****Login DDT test failed....*****
03/14/2024 01:04:23 PM: INFO: ******* Starting Login DDT Test **********
03/14/2024 01:04:23 PM: INFO: Number of Rows... 5
03/14/2024 01:04:53 PM: INFO: ***Passed***
03/14/2024 01:05:11 PM: INFO: ***Passed***
03/14/2024 01:05:17 PM: INFO: ***Passed***
03/14/2024 01:05:34 PM: INFO: ***Passed***
03/14/2024 01:05:34 PM: INFO: No more iterations. Ending the test.
03/14/2024 01:05:37 PM: INFO: Login DDT test passed....
